This is pdfTeX, Version 3.141592653-2.6-1.40.22 (TeX Live 2022/dev/Debian) (preloaded format=pdflatex 2026.6.13)  20 JUN 2026 17:26
entering extended mode
 restricted \write18 enabled.
 %&-line parsing enabled.
**main.tex
(./main.tex
LaTeX2e <2021-11-15> patch level 1
L3 programming layer <2022-01-21>
(/usr/share/texlive/texmf-dist/tex/latex/base/report.cls
Document Class: report 2021/10/04 v1.4n Standard LaTeX document class
(/usr/share/texlive/texmf-dist/tex/latex/base/size12.clo
File: size12.clo 2021/10/04 v1.4n Standard LaTeX file (size option)
)
\c@part=\count185
\c@chapter=\count186
\c@section=\count187
\c@subsection=\count188
\c@subsubsection=\count189
\c@paragraph=\count190
\c@subparagraph=\count191
\c@figure=\count192
\c@table=\count193
\abovecaptionskip=\skip47
\belowcaptionskip=\skip48
\bibindent=\dimen138
) (./preamble.tex
(/usr/share/texlive/texmf-dist/tex/latex/geometry/geometry.sty
Package: geometry 2020/01/02 v5.9 Page Geometry

(/usr/share/texlive/texmf-dist/tex/latex/graphics/keyval.sty
Package: keyval 2014/10/28 v1.15 key=value parser (DPC)
\KV@toks@=\toks16
)
(/usr/share/texlive/texmf-dist/tex/generic/iftex/ifvtex.sty
Package: ifvtex 2019/10/25 v1.7 ifvtex legacy package. Use iftex instead.

(/usr/share/texlive/texmf-dist/tex/generic/iftex/iftex.sty
Package: iftex 2020/03/06 v1.0d TeX engine tests
))
\Gm@cnth=\count194
\Gm@cntv=\count195
\c@Gm@tempcnt=\count196
\Gm@bindingoffset=\dimen139
\Gm@wd@mp=\dimen140
\Gm@odd@mp=\dimen141
\Gm@even@mp=\dimen142
\Gm@layoutwidth=\dimen143
\Gm@layoutheight=\dimen144
\Gm@layouthoffset=\dimen145
\Gm@layoutvoffset=\dimen146
\Gm@dimlist=\toks17
)
(/usr/share/texlive/texmf-dist/tex/latex/amsmath/amsmath.sty
Package: amsmath 2021/10/15 v2.17l AMS math features
\@mathmargin=\skip49

For additional information on amsmath, use the `?' option.
(/usr/share/texlive/texmf-dist/tex/latex/amsmath/amstext.sty
Package: amstext 2021/08/26 v2.01 AMS text

(/usr/share/texlive/texmf-dist/tex/latex/amsmath/amsgen.sty
File: amsgen.sty 1999/11/30 v2.0 generic functions
\@emptytoks=\toks18
\ex@=\dimen147
))
(/usr/share/texlive/texmf-dist/tex/latex/amsmath/amsbsy.sty
Package: amsbsy 1999/11/29 v1.2d Bold Symbols
\pmbraise@=\dimen148
)
(/usr/share/texlive/texmf-dist/tex/latex/amsmath/amsopn.sty
Package: amsopn 2021/08/26 v2.02 operator names
)
\inf@bad=\count197
LaTeX Info: Redefining \frac on input line 234.
\uproot@=\count198
\leftroot@=\count199
LaTeX Info: Redefining \overline on input line 399.
\classnum@=\count266
\DOTSCASE@=\count267
LaTeX Info: Redefining \ldots on input line 496.
LaTeX Info: Redefining \dots on input line 499.
LaTeX Info: Redefining \cdots on input line 620.
\Mathstrutbox@=\box50
\strutbox@=\box51
\big@size=\dimen149
LaTeX Font Info:    Redeclaring font encoding OML on input line 743.
LaTeX Font Info:    Redeclaring font encoding OMS on input line 744.
\macc@depth=\count268
\c@MaxMatrixCols=\count269
\dotsspace@=\muskip16
\c@parentequation=\count270
\dspbrk@lvl=\count271
\tag@help=\toks19
\row@=\count272
\column@=\count273
\maxfields@=\count274
\andhelp@=\toks20
\eqnshift@=\dimen150
\alignsep@=\dimen151
\tagshift@=\dimen152
\tagwidth@=\dimen153
\totwidth@=\dimen154
\lineht@=\dimen155
\@envbody=\toks21
\multlinegap=\skip50
\multlinetaggap=\skip51
\mathdisplay@stack=\toks22
LaTeX Info: Redefining \[ on input line 2938.
LaTeX Info: Redefining \] on input line 2939.
)
(/usr/share/texlive/texmf-dist/tex/latex/amsfonts/amssymb.sty
Package: amssymb 2013/01/14 v3.01 AMS font symbols

(/usr/share/texlive/texmf-dist/tex/latex/amsfonts/amsfonts.sty
Package: amsfonts 2013/01/14 v3.01 Basic AMSFonts support
\symAMSa=\mathgroup4
\symAMSb=\mathgroup5
LaTeX Font Info:    Redeclaring math symbol \hbar on input line 98.
LaTeX Font Info:    Overwriting math alphabet `\mathfrak' in version `bold'
(Font)                  U/euf/m/n --> U/euf/b/n on input line 106.
))
(/usr/share/texlive/texmf-dist/tex/latex/amscls/amsthm.sty
Package: amsthm 2020/05/29 v2.20.6
\thm@style=\toks23
\thm@bodyfont=\toks24
\thm@headfont=\toks25
\thm@notefont=\toks26
\thm@headpunct=\toks27
\thm@preskip=\skip52
\thm@postskip=\skip53
\thm@headsep=\skip54
\dth@everypar=\toks28
)
(/usr/share/texlive/texmf-dist/tex/latex/mathtools/mathtools.sty
Package: mathtools 2021/02/02 v1.28 mathematical typesetting tools

(/usr/share/texlive/texmf-dist/tex/latex/tools/calc.sty
Package: calc 2017/05/25 v4.3 Infix arithmetic (KKT,FJ)
\calc@Acount=\count275
\calc@Bcount=\count276
\calc@Adimen=\dimen156
\calc@Bdimen=\dimen157
\calc@Askip=\skip55
\calc@Bskip=\skip56
LaTeX Info: Redefining \setlength on input line 80.
LaTeX Info: Redefining \addtolength on input line 81.
\calc@Ccount=\count277
\calc@Cskip=\skip57
)
(/usr/share/texlive/texmf-dist/tex/latex/mathtools/mhsetup.sty
Package: mhsetup 2021/03/18 v1.4 programming setup (MH)
)
\g_MT_multlinerow_int=\count278
\l_MT_multwidth_dim=\dimen158
\origjot=\skip58
\l_MT_shortvdotswithinadjustabove_dim=\dimen159
\l_MT_shortvdotswithinadjustbelow_dim=\dimen160
\l_MT_above_intertext_sep=\dimen161
\l_MT_below_intertext_sep=\dimen162
\l_MT_above_shortintertext_sep=\dimen163
\l_MT_below_shortintertext_sep=\dimen164
\xmathstrut@box=\box52
\xmathstrut@dim=\dimen165
)
(/usr/share/texlive/texmf-dist/tex/latex/graphics/graphicx.sty
Package: graphicx 2021/09/16 v1.2d Enhanced LaTeX Graphics (DPC,SPQR)

(/usr/share/texlive/texmf-dist/tex/latex/graphics/graphics.sty
Package: graphics 2021/03/04 v1.4d Standard LaTeX Graphics (DPC,SPQR)

(/usr/share/texlive/texmf-dist/tex/latex/graphics/trig.sty
Package: trig 2021/08/11 v1.11 sin cos tan (DPC)
)
(/usr/share/texlive/texmf-dist/tex/latex/graphics-cfg/graphics.cfg
File: graphics.cfg 2016/06/04 v1.11 sample graphics configuration
)
Package graphics Info: Driver file: pdftex.def on input line 107.

(/usr/share/texlive/texmf-dist/tex/latex/graphics-def/pdftex.def
File: pdftex.def 2020/10/05 v1.2a Graphics/color driver for pdftex
))
\Gin@req@height=\dimen166
\Gin@req@width=\dimen167
)
(/usr/share/texlive/texmf-dist/tex/latex/booktabs/booktabs.sty
Package: booktabs 2020/01/12 v1.61803398 Publication quality tables
\heavyrulewidth=\dimen168
\lightrulewidth=\dimen169
\cmidrulewidth=\dimen170
\belowrulesep=\dimen171
\belowbottomsep=\dimen172
\aboverulesep=\dimen173
\abovetopsep=\dimen174
\cmidrulesep=\dimen175
\cmidrulekern=\dimen176
\defaultaddspace=\dimen177
\@cmidla=\count279
\@cmidlb=\count280
\@aboverulesep=\dimen178
\@belowrulesep=\dimen179
\@thisruleclass=\count281
\@lastruleclass=\count282
\@thisrulewidth=\dimen180
)
(/usr/share/texlive/texmf-dist/tex/latex/tools/array.sty
Package: array 2021/10/04 v2.5f Tabular extension package (FMi)
\col@sep=\dimen181
\ar@mcellbox=\box53
\extrarowheight=\dimen182
\NC@list=\toks29
\extratabsurround=\skip59
\backup@length=\skip60
\ar@cellbox=\box54
)
(/usr/share/texlive/texmf-dist/tex/latex/multirow/multirow.sty
Package: multirow 2021/03/15 v2.8 Span multiple rows of a table
\multirow@colwidth=\skip61
\multirow@cntb=\count283
\multirow@dima=\skip62
\bigstrutjot=\dimen183
)
(/usr/share/texlive/texmf-dist/tex/latex/caption/caption.sty
Package: caption 2020/10/26 v3.5g Customizing captions (AR)

(/usr/share/texlive/texmf-dist/tex/latex/caption/caption3.sty
Package: caption3 2020/10/21 v2.2e caption3 kernel (AR)
\captionmargin=\dimen184
\captionmargin@=\dimen185
\captionwidth=\dimen186
\caption@tempdima=\dimen187
\caption@indent=\dimen188
\caption@parindent=\dimen189
\caption@hangindent=\dimen190
Package caption Info: Standard document class detected.
)
\c@caption@flags=\count284
\c@continuedfloat=\count285
)
(/usr/share/texlive/texmf-dist/tex/latex/caption/subcaption.sty
Package: subcaption 2020/10/07 v1.3j Sub-captions (AR)
\c@subfigure=\count286
\c@subtable=\count287
)
(/usr/share/texlive/texmf-dist/tex/latex/natbib/natbib.sty
Package: natbib 2010/09/13 8.31b (PWD, AO)
\bibhang=\skip63
\bibsep=\skip64
LaTeX Info: Redefining \cite on input line 694.
\c@NAT@ctr=\count288
)
(/usr/share/texlive/texmf-dist/tex/latex/hyperref/hyperref.sty
Package: hyperref 2021-06-07 v7.00m Hypertext links for LaTeX

(/usr/share/texlive/texmf-dist/tex/generic/ltxcmds/ltxcmds.sty
Package: ltxcmds 2020-05-10 v1.25 LaTeX kernel commands for general use (HO)
)
(/usr/share/texlive/texmf-dist/tex/generic/pdftexcmds/pdftexcmds.sty
Package: pdftexcmds 2020-06-27 v0.33 Utility functions of pdfTeX for LuaTeX (HO
)

(/usr/share/texlive/texmf-dist/tex/generic/infwarerr/infwarerr.sty
Package: infwarerr 2019/12/03 v1.5 Providing info/warning/error messages (HO)
)
Package pdftexcmds Info: \pdf@primitive is available.
Package pdftexcmds Info: \pdf@ifprimitive is available.
Package pdftexcmds Info: \pdfdraftmode found.
)
(/usr/share/texlive/texmf-dist/tex/generic/kvsetkeys/kvsetkeys.sty
Package: kvsetkeys 2019/12/15 v1.18 Key value parser (HO)
)
(/usr/share/texlive/texmf-dist/tex/generic/kvdefinekeys/kvdefinekeys.sty
Package: kvdefinekeys 2019-12-19 v1.6 Define keys (HO)
)
(/usr/share/texlive/texmf-dist/tex/generic/pdfescape/pdfescape.sty
Package: pdfescape 2019/12/09 v1.15 Implements pdfTeX's escape features (HO)
)
(/usr/share/texlive/texmf-dist/tex/latex/hycolor/hycolor.sty
Package: hycolor 2020-01-27 v1.10 Color options for hyperref/bookmark (HO)
)
(/usr/share/texlive/texmf-dist/tex/latex/letltxmacro/letltxmacro.sty
Package: letltxmacro 2019/12/03 v1.6 Let assignment for LaTeX macros (HO)
)
(/usr/share/texlive/texmf-dist/tex/latex/auxhook/auxhook.sty
Package: auxhook 2019-12-17 v1.6 Hooks for auxiliary files (HO)
)
(/usr/share/texlive/texmf-dist/tex/latex/kvoptions/kvoptions.sty
Package: kvoptions 2020-10-07 v3.14 Key value format for package options (HO)
)
\@linkdim=\dimen191
\Hy@linkcounter=\count289
\Hy@pagecounter=\count290

(/usr/share/texlive/texmf-dist/tex/latex/hyperref/pd1enc.def
File: pd1enc.def 2021-06-07 v7.00m Hyperref: PDFDocEncoding definition (HO)
Now handling font encoding PD1 ...
... no UTF-8 mapping file for font encoding PD1
)
(/usr/share/texlive/texmf-dist/tex/latex/hyperref/hyperref-langpatches.def
File: hyperref-langpatches.def 2021-06-07 v7.00m Hyperref: patches for babel la
nguages
)
(/usr/share/texlive/texmf-dist/tex/generic/intcalc/intcalc.sty
Package: intcalc 2019/12/15 v1.3 Expandable calculations with integers (HO)
)
(/usr/share/texlive/texmf-dist/tex/generic/etexcmds/etexcmds.sty
Package: etexcmds 2019/12/15 v1.7 Avoid name clashes with e-TeX commands (HO)
)
\Hy@SavedSpaceFactor=\count291

(/usr/share/texlive/texmf-dist/tex/latex/hyperref/puenc.def
File: puenc.def 2021-06-07 v7.00m Hyperref: PDF Unicode definition (HO)
Now handling font encoding PU ...
... no UTF-8 mapping file for font encoding PU
)
Package hyperref Info: Option `colorlinks' set `true' on input line 4073.
Package hyperref Info: Hyper figures OFF on input line 4192.
Package hyperref Info: Link nesting OFF on input line 4197.
Package hyperref Info: Hyper index ON on input line 4200.
Package hyperref Info: Plain pages OFF on input line 4207.
Package hyperref Info: Backreferencing OFF on input line 4212.
Package hyperref Info: Implicit mode ON; LaTeX internals redefined.
Package hyperref Info: Bookmarks ON on input line 4445.
\c@Hy@tempcnt=\count292

(/usr/share/texlive/texmf-dist/tex/latex/url/url.sty
\Urlmuskip=\muskip17
Package: url 2013/09/16  ver 3.4  Verb mode for urls, etc.
)
LaTeX Info: Redefining \url on input line 4804.
\XeTeXLinkMargin=\dimen192

(/usr/share/texlive/texmf-dist/tex/generic/bitset/bitset.sty
Package: bitset 2019/12/09 v1.3 Handle bit-vector datatype (HO)

(/usr/share/texlive/texmf-dist/tex/generic/bigintcalc/bigintcalc.sty
Package: bigintcalc 2019/12/15 v1.5 Expandable calculations on big integers (HO
)
))
\Fld@menulength=\count293
\Field@Width=\dimen193
\Fld@charsize=\dimen194
Package hyperref Info: Hyper figures OFF on input line 6076.
Package hyperref Info: Link nesting OFF on input line 6081.
Package hyperref Info: Hyper index ON on input line 6084.
Package hyperref Info: backreferencing OFF on input line 6091.
Package hyperref Info: Link coloring ON on input line 6094.
Package hyperref Info: Link coloring with OCG OFF on input line 6101.
Package hyperref Info: PDF/A mode OFF on input line 6106.
LaTeX Info: Redefining \ref on input line 6146.
LaTeX Info: Redefining \pageref on input line 6150.

(/usr/share/texlive/texmf-dist/tex/latex/base/atbegshi-ltx.sty
Package: atbegshi-ltx 2021/01/10 v1.0c Emulation of the original atbegshi
package with kernel methods
)
\Hy@abspage=\count294
\c@Item=\count295
\c@Hfootnote=\count296
)
Package hyperref Info: Driver (autodetected): hpdftex.

(/usr/share/texlive/texmf-dist/tex/latex/hyperref/hpdftex.def
File: hpdftex.def 2021-06-07 v7.00m Hyperref driver for pdfTeX

(/usr/share/texlive/texmf-dist/tex/latex/base/atveryend-ltx.sty
Package: atveryend-ltx 2020/08/19 v1.0a Emulation of the original atveryend pac
kage
with kernel methods
)
\Fld@listcount=\count297
\c@bookmark@seq@number=\count298

(/usr/share/texlive/texmf-dist/tex/latex/rerunfilecheck/rerunfilecheck.sty
Package: rerunfilecheck 2019/12/05 v1.9 Rerun checks for auxiliary files (HO)

(/usr/share/texlive/texmf-dist/tex/generic/uniquecounter/uniquecounter.sty
Package: uniquecounter 2019/12/15 v1.4 Provide unlimited unique counter (HO)
)
Package uniquecounter Info: New unique counter `rerunfilecheck' on input line 2
86.
)
\Hy@SectionHShift=\skip65
)
(/usr/share/texlive/texmf-dist/tex/latex/cleveref/cleveref.sty
Package: cleveref 2018/03/27 v0.21.4 Intelligent cross-referencing
Package cleveref Info: `hyperref' support loaded on input line 2370.
LaTeX Info: Redefining \cref on input line 2370.
LaTeX Info: Redefining \Cref on input line 2370.
LaTeX Info: Redefining \crefrange on input line 2370.
LaTeX Info: Redefining \Crefrange on input line 2370.
LaTeX Info: Redefining \cpageref on input line 2370.
LaTeX Info: Redefining \Cpageref on input line 2370.
LaTeX Info: Redefining \cpagerefrange on input line 2370.
LaTeX Info: Redefining \Cpagerefrange on input line 2370.
LaTeX Info: Redefining \labelcref on input line 2370.
LaTeX Info: Redefining \labelcpageref on input line 2370.
Package cleveref Info: `amsthm' support loaded on input line 3026.
)
(/usr/share/texlive/texmf-dist/tex/latex/algorithms/algorithm.sty
Package: algorithm 2009/08/24 v0.1 Document Style `algorithm' - floating enviro
nment

(/usr/share/texlive/texmf-dist/tex/latex/float/float.sty
Package: float 2001/11/08 v1.3d Float enhancements (AL)
\c@float@type=\count299
\float@exts=\toks30
\float@box=\box55
\@float@everytoks=\toks31
\@floatcapt=\box56
)
(/usr/share/texlive/texmf-dist/tex/latex/base/ifthen.sty
Package: ifthen 2020/11/24 v1.1c Standard LaTeX ifthen package (DPC)
)
\@float@every@algorithm=\toks32
\c@algorithm=\count300
)
(/usr/share/texlive/texmf-dist/tex/latex/algorithmicx/algpseudocode.sty
Package: algpseudocode 

(/usr/share/texlive/texmf-dist/tex/latex/algorithmicx/algorithmicx.sty
Package: algorithmicx 2005/04/27 v1.2 Algorithmicx

Document Style algorithmicx 1.2 - a greatly improved `algorithmic' style
\c@ALG@line=\count301
\c@ALG@rem=\count302
\c@ALG@nested=\count303
\ALG@tlm=\skip66
\ALG@thistlm=\skip67
\c@ALG@Lnr=\count304
\c@ALG@blocknr=\count305
\c@ALG@storecount=\count306
\c@ALG@tmpcounter=\count307
\ALG@tmplength=\skip68
)
Document Style - pseudocode environments for use with the `algorithmicx' style
) (/usr/share/texlive/texmf-dist/tex/latex/listings/listings.sty
\lst@mode=\count308
\lst@gtempboxa=\box57
\lst@token=\toks33
\lst@length=\count309
\lst@currlwidth=\dimen195
\lst@column=\count310
\lst@pos=\count311
\lst@lostspace=\dimen196
\lst@width=\dimen197
\lst@newlines=\count312
\lst@lineno=\count313
\lst@maxwidth=\dimen198

(/usr/share/texlive/texmf-dist/tex/latex/listings/lstmisc.sty
File: lstmisc.sty 2020/03/24 1.8d (Carsten Heinz)
\c@lstnumber=\count314
\lst@skipnumbers=\count315
\lst@framebox=\box58
)
(/usr/share/texlive/texmf-dist/tex/latex/listings/listings.cfg
File: listings.cfg 2020/03/24 1.8d listings configuration
))
Package: listings 2020/03/24 1.8d (Carsten Heinz)

(/usr/share/texlive/texmf-dist/tex/latex/xcolor/xcolor.sty
Package: xcolor 2021/10/31 v2.13 LaTeX color extensions (UK)

(/usr/share/texlive/texmf-dist/tex/latex/graphics-cfg/color.cfg
File: color.cfg 2016/01/02 v1.6 sample color configuration
)
Package xcolor Info: Driver file: pdftex.def on input line 227.
Package xcolor Info: Model `cmy' substituted by `cmy0' on input line 1352.
Package xcolor Info: Model `hsb' substituted by `rgb' on input line 1356.
Package xcolor Info: Model `RGB' extended on input line 1368.
Package xcolor Info: Model `HTML' substituted by `rgb' on input line 1370.
Package xcolor Info: Model `Hsb' substituted by `hsb' on input line 1371.
Package xcolor Info: Model `tHsb' substituted by `hsb' on input line 1372.
Package xcolor Info: Model `HSB' substituted by `hsb' on input line 1373.
Package xcolor Info: Model `Gray' substituted by `gray' on input line 1374.
Package xcolor Info: Model `wave' substituted by `hsb' on input line 1375.
)
(/usr/share/texlive/texmf-dist/tex/latex/enumitem/enumitem.sty
Package: enumitem 2019/06/20 v3.9 Customized lists
\labelindent=\skip69
\enit@outerparindent=\dimen199
\enit@toks=\toks34
\enit@inbox=\box59
\enit@count@id=\count316
\enitdp@description=\count317
)
(/usr/share/texlive/texmf-dist/tex/latex/tools/bm.sty
Package: bm 2021/04/25 v1.2e Bold Symbol Support (DPC/FMi)
\symboldoperators=\mathgroup6
\symboldletters=\mathgroup7
\symboldsymbols=\mathgroup8
Package bm Info: No bold for \OMX/cmex/m/n, using \pmb.
Package bm Info: No bold for \U/msa/m/n, using \pmb.
Package bm Info: No bold for \U/msb/m/n, using \pmb.
LaTeX Font Info:    Redeclaring math alphabet \mathbf on input line 149.
)
\c@theorem=\count318
)
(/usr/share/texlive/texmf-dist/tex/latex/l3backend/l3backend-pdftex.def
File: l3backend-pdftex.def 2022-01-12 L3 backend support: PDF output (pdfTeX)
\l__color_backend_stack_int=\count319
\l__pdf_internal_box=\box60
)
(./main.aux)
\openout1 = `main.aux'.

LaTeX Font Info:    Checking defaults for OML/cmm/m/it on input line 10.
LaTeX Font Info:    ... okay on input line 10.
LaTeX Font Info:    Checking defaults for OMS/cmsy/m/n on input line 10.
LaTeX Font Info:    ... okay on input line 10.
LaTeX Font Info:    Checking defaults for OT1/cmr/m/n on input line 10.
LaTeX Font Info:    ... okay on input line 10.
LaTeX Font Info:    Checking defaults for T1/cmr/m/n on input line 10.
LaTeX Font Info:    ... okay on input line 10.
LaTeX Font Info:    Checking defaults for TS1/cmr/m/n on input line 10.
LaTeX Font Info:    ... okay on input line 10.
LaTeX Font Info:    Checking defaults for OMX/cmex/m/n on input line 10.
LaTeX Font Info:    ... okay on input line 10.
LaTeX Font Info:    Checking defaults for U/cmr/m/n on input line 10.
LaTeX Font Info:    ... okay on input line 10.
LaTeX Font Info:    Checking defaults for PD1/pdf/m/n on input line 10.
LaTeX Font Info:    ... okay on input line 10.
LaTeX Font Info:    Checking defaults for PU/pdf/m/n on input line 10.
LaTeX Font Info:    ... okay on input line 10.

*geometry* driver: auto-detecting
*geometry* detected driver: pdftex
*geometry* verbose mode - [ preamble ] result:
* driver: pdftex
* paper: a4paper
* layout: <same size as paper>
* layoutoffset:(h,v)=(0.0pt,0.0pt)
* modes: 
* h-part:(L,W,R)=(72.26999pt, 452.9679pt, 72.26999pt)
* v-part:(T,H,B)=(72.26999pt, 700.50687pt, 72.26999pt)
* \paperwidth=597.50787pt
* \paperheight=845.04684pt
* \textwidth=452.9679pt
* \textheight=700.50687pt
* \oddsidemargin=0.0pt
* \evensidemargin=0.0pt
* \topmargin=-37.0pt
* \headheight=12.0pt
* \headsep=25.0pt
* \topskip=12.0pt
* \footskip=30.0pt
* \marginparwidth=44.0pt
* \marginparsep=10.0pt
* \columnsep=10.0pt
* \skip\footins=10.8pt plus 4.0pt minus 2.0pt
* \hoffset=0.0pt
* \voffset=0.0pt
* \mag=1000
* \@twocolumnfalse
* \@twosidefalse
* \@mparswitchfalse
* \@reversemarginfalse
* (1in=72.27pt=25.4mm, 1cm=28.453pt)

(/usr/share/texlive/texmf-dist/tex/context/base/mkii/supp-pdf.mkii
[Loading MPS to PDF converter (version 2006.09.02).]
\scratchcounter=\count320
\scratchdimen=\dimen256
\scratchbox=\box61
\nofMPsegments=\count321
\nofMParguments=\count322
\everyMPshowfont=\toks35
\MPscratchCnt=\count323
\MPscratchDim=\dimen257
\MPnumerator=\count324
\makeMPintoPDFobject=\count325
\everyMPtoPDFconversion=\toks36
) (/usr/share/texlive/texmf-dist/tex/latex/epstopdf-pkg/epstopdf-base.sty
Package: epstopdf-base 2020-01-24 v2.11 Base part for package epstopdf
Package epstopdf-base Info: Redefining graphics rule for `.eps' on input line 4
85.

(/usr/share/texlive/texmf-dist/tex/latex/latexconfig/epstopdf-sys.cfg
File: epstopdf-sys.cfg 2010/07/13 v1.3 Configuration of (r)epstopdf for TeX Liv
e
))
Package caption Info: Begin \AtBeginDocument code.
Package caption Info: float package is loaded.
Package caption Info: hyperref package is loaded.
Package caption Info: listings package is loaded.
Package caption Info: End \AtBeginDocument code.
Package hyperref Info: Link coloring ON on input line 10.

(/usr/share/texlive/texmf-dist/tex/latex/hyperref/nameref.sty
Package: nameref 2021-04-02 v2.47 Cross-referencing by name of section

(/usr/share/texlive/texmf-dist/tex/latex/refcount/refcount.sty
Package: refcount 2019/12/15 v3.6 Data extraction from label references (HO)
)
(/usr/share/texlive/texmf-dist/tex/generic/gettitlestring/gettitlestring.sty
Package: gettitlestring 2019/12/15 v1.6 Cleanup title references (HO)
)
\c@section@level=\count326
)
LaTeX Info: Redefining \ref on input line 10.
LaTeX Info: Redefining \pageref on input line 10.
LaTeX Info: Redefining \nameref on input line 10.

(./main.out) (./main.out)
\@outlinefile=\write3
\openout3 = `main.out'.

\c@lstlisting=\count327
LaTeX Font Info:    Trying to load font information for U+msa on input line 13.


(/usr/share/texlive/texmf-dist/tex/latex/amsfonts/umsa.fd
File: umsa.fd 2013/01/14 v3.01 AMS symbols A
)
LaTeX Font Info:    Trying to load font information for U+msb on input line 13.


(/usr/share/texlive/texmf-dist/tex/latex/amsfonts/umsb.fd
File: umsb.fd 2013/01/14 v3.01 AMS symbols B
) [1

{/var/lib/texmf/fonts/map/pdftex/updmap/pdftex.map}] (./abstract.tex
Overfull \hbox (1.6871pt too wide) in paragraph at lines 2--10
\OT1/cmr/m/n/12 This the-sis de-vel-ops a math-e-mat-i-cally rig-or-ous and com
-pu-ta-tion-ally im-ple-mentable frame-
 []


Overfull \hbox (5.4912pt too wide) in paragraph at lines 28--34
[]\OT1/cmr/bx/n/12 Three-timescale reinforcement-learning con-ver-gence \OT1/cm
r/m/n/12 (The-o-rem 5.1). A multi-
 []


Overfull \hbox (36.42787pt too wide) in paragraph at lines 28--34
\OT1/cmr/m/n/12 timescale actor-critic al-go-rithm con-verges $\U/msb/m/n/12 P$
\OT1/cmr/m/n/12 -almost surely along sub-se-quences ($[] \OML/cmm/m/it/12 W[] \
OT1/cmr/m/n/12 =
 []

pdfTeX warning (ext4): destination with the same identifier (name{page.1}) has 
been already used, duplicate ignored
<to be read again> 
                   \relax 
l.59 \end{enumerate}
                     [1] [2]) (./main.tocpdfTeX warning (ext4): destination wit
h the same identifier (name{page.1}) has been already used, duplicate ignored
<to be read again> 
                   \relax 
l.61 ...ric Space Structure}{22}{subsection.2.2.4}
                                                  % [1

]pdfTeX warning (ext4): destination with the same identifier (name{page.2}) has
 been already used, duplicate ignored
<to be read again> 
                   \relax 
l.110 ...epsilon $-Nash Property}{43}{section.3.8}
                                                  % [2])
\tf@toc=\write4
\openout4 = `main.toc'.

 [3] (./main.lof)
\tf@lof=\write5
\openout5 = `main.lof'.


[4

] (./main.lot)
\tf@lot=\write6
\openout6 = `main.lot'.

 [5

]
Chapter 1.
(./chapters/01_introduction.tex [6

]

Package hyperref Warning: Token not allowed in a PDF string (Unicode):
(hyperref)                removing `math shift' on input line 96.


Package hyperref Warning: Token not allowed in a PDF string (Unicode):
(hyperref)                removing `math shift' on input line 96.

[7] [8]

Package hyperref Warning: Token not allowed in a PDF string (Unicode):
(hyperref)                removing `math shift' on input line 176.


Package hyperref Warning: Token not allowed in a PDF string (Unicode):
(hyperref)                removing `math shift' on input line 176.


Package hyperref Warning: Token not allowed in a PDF string (Unicode):
(hyperref)                removing `math shift' on input line 185.


Package hyperref Warning: Token not allowed in a PDF string (Unicode):
(hyperref)                removing `\to' on input line 185.


Package hyperref Warning: Token not allowed in a PDF string (Unicode):
(hyperref)                removing `\infty' on input line 185.


Package hyperref Warning: Token not allowed in a PDF string (Unicode):
(hyperref)                removing `math shift' on input line 185.

[9]
Overfull \hbox (5.80962pt too wide) in paragraph at lines 244--256
 []\OT1/cmr/bx/n/12 Key Struc-tural Ob-ser-va-tion.[] \OT1/cmr/m/n/12 The key a
sym-me-try is that in-di-vid-ual states are adapted
 []

[10] [11] [12]
Overfull \hbox (0.6023pt too wide) in paragraph at lines 410--420
 []\OT1/cmr/bx/n/12 Three-timescale meth-ods and com-mon noise.[] \OT1/cmr/m/n/
12 Most rel-e-vant to this the-sis, Angiuli,
 []


Overfull \hbox (1.40471pt too wide) in paragraph at lines 449--460
\OT1/cmr/m/n/12 vid-ing tractable re-for-mu-la-tions and per-for-mance guar-an-
tees. Blanchet, Kang, and Murthy
 []

[13] [14]
Overfull \hbox (9.26215pt too wide) in paragraph at lines 558--564
\OT1/cmr/m/it/12 neu-ral net-works), con-verges $\U/msb/m/n/12 P$\OT1/cmr/m/it/
12 -almost surely along sub-se-quences (in the sense of $[] \OML/cmm/m/it/12 W[
] \OT1/cmr/m/n/12 =
 []

[15] [16]
Underfull \hbox (badness 10000) in paragraph at lines 635--635
[]|\OT1/cmr/m/n/12 Theorem 3.1
 []


Underfull \hbox (badness 10000) in paragraph at lines 635--635
\OT1/cmr/m/n/12 (Quan-ti-ta-tive
 []


Underfull \hbox (badness 10000) in paragraph at lines 635--636
[]|\OT1/cmr/m/n/12 Carmona--Delarue
 []


Underfull \hbox (badness 10000) in paragraph at lines 636--637
[]|\OT1/cmr/m/n/12 Explicit parameter-
 []


Underfull \hbox (badness 10000) in paragraph at lines 636--637
\OT1/cmr/m/n/12 dependent con-trac-tion
 []


Underfull \hbox (badness 6944) in paragraph at lines 636--637
\OT1/cmr/m/n/12 con-stant; con-trac-tion in
 []


Underfull \hbox (badness 10000) in paragraph at lines 638--638
[]|\OT1/cmr/m/n/12 Theorem 4.1
 []


Underfull \hbox (badness 10000) in paragraph at lines 638--639
[]|\OT1/cmr/m/n/12 Chassagneux--Crisan--
 []


Underfull \hbox (badness 10000) in paragraph at lines 638--639
\OT1/cmr/m/n/12 Delarue (2019),
 []


Underfull \hbox (badness 10000) in paragraph at lines 638--639
\OT1/cmr/m/n/12 Achdou--Porretta
 []


Underfull \hbox (badness 10000) in paragraph at lines 639--640
[]|\OT1/cmr/m/n/12 Combined scheme with
 []


Underfull \hbox (badness 10000) in paragraph at lines 641--641
[]|\OT1/cmr/m/n/12 Theorem 5.1
 []


Underfull \hbox (badness 10000) in paragraph at lines 641--641
\OT1/cmr/m/n/12 (RL con-ver-
 []


Underfull \hbox (badness 3240) in paragraph at lines 641--643
\OT1/cmr/m/n/12 with Wasser-stein con-trol;
 []


Underfull \hbox (badness 10000) in paragraph at lines 644--644
[]|\OT1/cmr/m/n/12 Theorem 5.2
 []


Underfull \hbox (badness 10000) in paragraph at lines 644--644
\OT1/cmr/m/n/12 (Ex-po-nen-tial
 []


Underfull \hbox (badness 4805) in paragraph at lines 647--647
[]|\OT1/cmr/m/n/12 Proposition 6.1
 []


Underfull \hbox (badness 7397) in paragraph at lines 647--649
[]|\OT1/cmr/m/n/12 SPDE-grounded timescale
 []


Underfull \hbox (badness 10000) in paragraph at lines 647--649
\OT1/cmr/m/n/12 de-com-po-si-tion; heuris-tic
 []


Underfull \hbox (badness 4805) in paragraph at lines 650--650
[]|\OT1/cmr/m/n/12 Proposition 8.1
 []


Underfull \hbox (badness 10000) in paragraph at lines 650--651
[]|\OT1/cmr/m/n/12 Cardaliaguet--Lehalle
 []


Underfull \hbox (badness 10000) in paragraph at lines 650--651
\OT1/cmr/m/n/12 (2018), Lehalle--
 []


Underfull \hbox (badness 10000) in paragraph at lines 651--652
[]|\OT1/cmr/m/n/12 Four-signal frame-work;
 []


Underfull \hbox (badness 10000) in paragraph at lines 653--653
[]|\OT1/cmr/m/n/12 Lehalle--Mouzouni
 []

[17]
Overfull \hbox (3.61412pt too wide) in paragraph at lines 689--691
[]\OT1/cmr/bx/n/12 Chapter 2\OT1/cmr/m/n/12 : Pre-lim-i-nar-ies (Wasser-stein g
e-om-e-try, It^o cal-cu-lus, SPDEs, Li-ons deriva-
 []

[18]
Overfull \hbox (8.4662pt too wide) in paragraph at lines 756--758
[]\OT1/cmr/bx/n/12 Assumption 1.17 \OT1/cmr/m/n/12 (Uni-form con-cav-ity of Ham
il-to-nian)\OT1/cmr/bx/n/12 . []$\OML/cmm/m/it/12 H\OT1/cmr/m/n/12 (\OML/cmm/m/
it/12 t; x; ^^V; p; []\OT1/cmr/m/n/12 ) \OMS/cmsy/m/n/12 ^^T \OML/cmm/m/it/12 
H\OT1/cmr/m/n/12 (\OML/cmm/m/it/12 t; x; ^^V; p; \OT1/cmr/m/n/12 ) +
 []

[19]
Overfull \hbox (10.17313pt too wide) in paragraph at lines 789--795
\OT1/cmr/m/n/12 Three de-vel-op-ments con-verged in 2023--2025: math-e-mat-i-ca
l ma-tu-rity (Cardaliaguet, Seeger,
 []

) [20]
Chapter 2.
(./chapters/02_mathematical_preliminaries.tex
Overfull \hbox (12.20758pt too wide) in paragraph at lines 25--28
[]\OT1/cmr/bx/n/12 Martingale the-ory\OT1/cmr/m/n/12 : mar-tin-gales, stop-ping
 times, Doob's in-equal-ity, the Burkholder--
 []

[21

] [22]
Overfull \hbox (76.47195pt too wide) in paragraph at lines 145--151
\OT1/cmr/m/n/12 where $[](\OML/cmm/m/it/12 ^^Y\OMS/cmsy/m/n/12 k\OML/cmm/m/it/1
2 ^^V \OMS/cmsy/m/n/12 
 \OML/cmm/m/it/12 ^^W\OT1/cmr/m/n/12 ) = [] [] [] \OML/cmm/m/it/12 d^^Y$\OT1/cm
r/m/n/12 . The so-lu-tion has the form $\OML/cmm/m/it/12 ^^Y[]\OT1/cmr/m/n/12 (
\OML/cmm/m/it/12 dx; dy\OT1/cmr/m/n/12 ) = \OML/cmm/m/it/12 u\OT1/cmr/m/n/12 (\
OML/cmm/m/it/12 x\OT1/cmr/m/n/12 )\OML/cmm/m/it/12 K\OT1/cmr/m/n/12 (\OML/cmm/m
/it/12 x; y\OT1/cmr/m/n/12 )\OML/cmm/m/it/12 v\OT1/cmr/m/n/12 (\OML/cmm/m/it/12
 y\OT1/cmr/m/n/12 ) \OML/cmm/m/it/12 ^^V\OT1/cmr/m/n/12 (\OML/cmm/m/it/12 dx\OT
1/cmr/m/n/12 )\OML/cmm/m/it/12 ^^W\OT1/cmr/m/n/12 (\OML/cmm/m/it/12 dy\OT1/cmr/
m/n/12 )$
 []

[23]

Package hyperref Warning: Token not allowed in a PDF string (Unicode):
(hyperref)                removing `math shift' on input line 190.


Package hyperref Warning: Token not allowed in a PDF string (Unicode):
(hyperref)                removing `subscript' on input line 190.


Package hyperref Warning: Token not allowed in a PDF string (Unicode):
(hyperref)                removing `math shift' on input line 190.


Overfull \hbox (8.80203pt too wide) in paragraph at lines 226--228
[]\OT1/cmr/bx/n/12 Proposition 2.8 \OT1/cmr/m/n/12 (Geodesic is length--min-imi
s-ing)\OT1/cmr/bx/n/12 . []\OT1/cmr/m/it/12 The path $\OT1/cmr/m/n/12 (\OML/cmm
/m/it/12 ^^V[]\OT1/cmr/m/n/12 )[]$ \OT1/cmr/m/it/12 sat-is-fies $\OML/cmm/m/it/
12 W[]\OT1/cmr/m/n/12 (\OML/cmm/m/it/12 ^^V[]; ^^V[]\OT1/cmr/m/n/12 ) =
 []

[24] [25]
Overfull \hbox (7.53952pt too wide) in paragraph at lines 365--370
[]\OT1/cmr/m/it/12 Remark \OT1/cmr/m/n/12 2.17 (Why quadratic vari-a-tion mat-t
ers: the It^o cor-rec-tion)\OT1/cmr/m/it/12 . []\OT1/cmr/m/n/12 The fact that $
[\OML/cmm/m/it/12 B; B\OT1/cmr/m/n/12 ][] =
 []

[26]
Overfull \hbox (3.15916pt too wide) in paragraph at lines 400--403
[]\OT1/cmr/m/n/12 For sim-ple pro-cesses, the ex-pec-ta-tion of the square ex-p
ands to $[][] \U/msb/m/n/12 E\OT1/cmr/m/n/12 [\OML/cmm/m/it/12 H[]\OT1/cmr/m/n/
12 ]^^A\OML/cmm/m/it/12 t[]$
 []


Overfull \hbox (30.89014pt too wide) detected at line 453
\OML/cmm/m/it/12 d^^^\OT1/cmr/m/n/12 (\OML/cmm/m/it/12 X[]\OT1/cmr/m/n/12 ) = \
OMS/cmsy/m/n/12 r\OML/cmm/m/it/12 ^^^\OT1/cmr/m/n/12 (\OML/cmm/m/it/12 X[]\OT1/
cmr/m/n/12 ) \OMS/cmsy/m/n/12 ^^A \OML/cmm/m/it/12 b[] dt \OT1/cmr/m/n/12 + \OM
L/cmm/m/it/12 ^^[\OMS/cmsy/m/n/12 r\OML/cmm/m/it/12 ^^^\OT1/cmr/m/n/12 (\OML/cm
m/m/it/12 X[]\OT1/cmr/m/n/12 ) \OMS/cmsy/m/n/12 ^^A \OML/cmm/m/it/12 dW[] \OT1/
cmr/m/n/12 + \OML/cmm/m/it/12 ^^[[]\OMS/cmsy/m/n/12 r\OML/cmm/m/it/12 ^^^\OT1/c
mr/m/n/12 (\OML/cmm/m/it/12 X[]\OT1/cmr/m/n/12 ) \OMS/cmsy/m/n/12 ^^A \OML/cmm/
m/it/12 dW[] \OT1/cmr/m/n/12 + []^^A\OML/cmm/m/it/12 ^^^\OT1/cmr/m/n/12 (\OML/c
mm/m/it/12 X[]\OT1/cmr/m/n/12 ) \OML/cmm/m/it/12 dt \OT1/cmr/m/n/12 + [][](\OML
/cmm/m/it/12 ^^[[]^^[[]D[]^^^\OT1/cmr/m/n/12 (\OML/cmm/m/it/12 X[]\OT1/cmr/m/n/
12 )) \OML/cmm/m/it/12 dt:
 []


Overfull \hbox (30.63637pt too wide) detected at line 462
\OML/cmm/m/it/12 d\OMS/cmsy/m/n/12 h\OML/cmm/m/it/12 ^^V[]; ^^^\OMS/cmsy/m/n/12
 i \OT1/cmr/m/n/12 = [] \OML/cmm/m/it/12 dt \OT1/cmr/m/n/12 + [] +\OML/cmm/m/it
/12 ^^[[]\OMS/cmsy/m/n/12 h\OML/cmm/m/it/12 ^^V[]; \OMS/cmsy/m/n/12 r\OML/cmm/m
/it/12 ^^^\OMS/cmsy/m/n/12 i \OML/cmm/m/it/12 dW[]:
 []

[27]
Overfull \hbox (8.64876pt too wide) in paragraph at lines 495--498
\OT1/cmr/m/it/12 Then for any $\OMS/cmsy/m/n/12 F[]$\OT1/cmr/m/it/12 -measurabl
e $\OML/cmm/m/it/12 X[]$ \OT1/cmr/m/it/12 with $\U/msb/m/n/12 E\OT1/cmr/m/n/12 
[\OMS/cmsy/m/n/12 j\OML/cmm/m/it/12 X[]\OMS/cmsy/m/n/12 j[]\OT1/cmr/m/n/12 ] \O
ML/cmm/m/it/12 < \OMS/cmsy/m/n/12 1$\OT1/cmr/m/it/12 , the SDE $\OML/cmm/m/it/1
2 dX[] \OT1/cmr/m/n/12 = \OML/cmm/m/it/12 b\OT1/cmr/m/n/12 (\OML/cmm/m/it/12 t;
 X[]\OT1/cmr/m/n/12 ) \OML/cmm/m/it/12 dt \OT1/cmr/m/n/12 + \OML/cmm/m/it/12 ^^
[\OT1/cmr/m/n/12 (\OML/cmm/m/it/12 t; X[]\OT1/cmr/m/n/12 ) \OML/cmm/m/it/12 dW[
]$
 []

[28]
Overfull \hbox (0.17183pt too wide) in paragraph at lines 533--537
\OT1/cmr/m/n/12 This is the for-mal $\OML/cmm/m/it/12 L[]$\OT1/cmr/m/n/12 -adjo
int of the gen-er-a-tor $\OMS/cmsy/m/n/12 L\OML/cmm/m/it/12 f\OT1/cmr/m/n/12 (\
OML/cmm/m/it/12 x\OT1/cmr/m/n/12 ) = \OML/cmm/m/it/12 b\OT1/cmr/m/n/12 (\OML/cm
m/m/it/12 x\OT1/cmr/m/n/12 ) \OMS/cmsy/m/n/12 ^^A r\OML/cmm/m/it/12 f\OT1/cmr/m
/n/12 (\OML/cmm/m/it/12 x\OT1/cmr/m/n/12 ) + []^^A\OML/cmm/m/it/12 f\OT1/cmr/m/
n/12 (\OML/cmm/m/it/12 x\OT1/cmr/m/n/12 )$: $[](\OMS/cmsy/m/n/12 L\OML/cmm/m/it
/12 f\OT1/cmr/m/n/12 ) \OML/cmm/m/it/12 d^^V \OT1/cmr/m/n/12 =
 []

[29]
Overfull \hbox (9.34456pt too wide) in paragraph at lines 597--603
\OT1/cmr/m/n/12 with in-ner prod-uct $\OMS/cmsy/m/n/12 h\OML/cmm/m/it/12 f; g\O
MS/cmsy/m/n/12 i[] \OT1/cmr/m/n/12 = [][]\OMS/cmsy/m/n/12 h\OML/cmm/m/it/12 @[]
f; @[]g\OMS/cmsy/m/n/12 i[]$\OT1/cmr/m/n/12 . The dual space is $\OML/cmm/m/it/
12 H[]\OT1/cmr/m/n/12 (\U/msb/m/n/12 R[]\OT1/cmr/m/n/12 ) = (\OML/cmm/m/it/12 H
[]\OT1/cmr/m/n/12 (\U/msb/m/n/12 R[]\OT1/cmr/m/n/12 ))[]$. 
 []

[30]
Overfull \hbox (27.97719pt too wide) in paragraph at lines 680--683
[]\OT1/cmr/m/it/12 Remark \OT1/cmr/m/n/12 2.36\OT1/cmr/m/it/12 . []\OT1/cmr/m/n
/12 This is used in The-o-rem 3.1: to bound the ex-pected supre-mum $\U/msb/m/n
/12 E\OT1/cmr/m/n/12 [[][] \OML/cmm/m/it/12 W[]\OT1/cmr/m/n/12 (\OML/cmm/m/it/1
2 ^^V[]; ^^V[]\OT1/cmr/m/n/12 )]$
 []


Overfull \hbox (59.54405pt too wide) in paragraph at lines 722--725
[]\OT1/cmr/bx/n/12 Theorem 2.40 \OT1/cmr/m/n/12 (Gir-sanov's The-o-rem)\OT1/cmr
/bx/n/12 . []\OT1/cmr/m/it/12 Let $\OML/cmm/m/it/12 ^^R \OT1/cmr/m/n/12 : [0\OM
L/cmm/m/it/12 ; T\OT1/cmr/m/n/12 ] \OMS/cmsy/m/n/12 ^^B \OT1/cmr/m/n/12 
 \OMS/cmsy/m/n/12 ! \U/msb/m/n/12 R[]$ \OT1/cmr/m/it/12 be adapted with $\U/msb
/m/n/12 E[] []\OT1/cmr/m/n/12 ([] [][] \OMS/cmsy/m/n/12 j\OML/cmm/m/it/12 ^^R[]
\OMS/cmsy/m/n/12 j[] \OML/cmm/m/it/12 dt\OT1/cmr/m/n/12 )[] \OML/cmm/m/it/12 <
 []

[31]
Overfull \hbox (10.58563pt too wide) in paragraph at lines 797--803
\OT1/cmr/m/n/12 (where $\OML/cmm/m/it/12 ^^V[]$ \OT1/cmr/m/n/12 is the MFG equi
-lib-rium mea-sure) is dis-si-pa-tive: $\OMS/cmsy/m/n/12 hL[]\OML/cmm/m/it/12 ^
^Z; ^^Z\OMS/cmsy/m/n/12 i[] \OT1/cmr/m/n/12 = \OMS/cmsy/m/n/12 ^^@\OML/cmm/m/it
/12 ^^[[]\OMS/cmsy/m/n/12 kr\OML/cmm/m/it/12 ^^Z\OMS/cmsy/m/n/12 k[] ^^T
 []

[32]
Overfull \hbox (20.91554pt too wide) in paragraph at lines 829--833
[]\OT1/cmr/m/n/12 The log-Sobolev in-equal-ity im-plies the Poincar^^Se in-equa
l-ity $[][](\OML/cmm/m/it/12 f\OT1/cmr/m/n/12 ) \OMS/cmsy/m/n/12 ^^T \OML/cmm/m
/it/12 C[] [] \OMS/cmsy/m/n/12 jr\OML/cmm/m/it/12 f\OMS/cmsy/m/n/12 j[] \OML/cm
m/m/it/12 d^^V[]$
 []

[33] [34]
Underfull \hbox (badness 10000) in paragraph at lines 1000--1000
[]|$\OML/cmm/m/it/10.95 W[]\OT1/cmr/m/n/10.95 (\OML/cmm/m/it/10.95 ^^V; ^^W\OT1
/cmr/m/n/10.95 ) = ([][] [] \OMS/cmsy/m/n/10.95 j\OML/cmm/m/it/10.95 x \OMS/cms
y/m/n/10.95 ^^@
 []


Underfull \hbox (badness 2707) in paragraph at lines 1003--1003
[]|\OT1/cmr/m/n/10.95 Brenier's The-o-
 []


Underfull \hbox (badness 1215) in paragraph at lines 1003--1005
[]|\OT1/cmr/m/n/10.95 Ch. 3 (cou-pling in
 []


Underfull \hbox (badness 10000) in paragraph at lines 1006--1006
[]|\OT1/cmr/m/n/10.95 Metric space
 []


Underfull \hbox (badness 10000) in paragraph at lines 1009--1009
[]|$\OML/cmm/m/it/10.95 W[]$\OT1/cmr/m/n/10.95 -convergence
 []


Underfull \hbox (badness 10000) in paragraph at lines 1009--1011
[]|\OT1/cmr/m/n/10.95 Ch. 3 (ex-is-tence
 []


Underfull \hbox (badness 10000) in paragraph at lines 1015--1015
[]|\OT1/cmr/m/n/10.95 LLN rate
 []


Underfull \hbox (badness 10000) in paragraph at lines 1015--1015
\OT1/cmr/m/n/10.95 (Fournier--
 []


Underfull \hbox (badness 10000) in paragraph at lines 1016--1017
[]|\OT1/cmr/m/n/10.95 Ch. 7 ($\OML/cmm/m/it/10.95 O\OT1/cmr/m/n/10.95 (1\OML/cm
m/m/it/10.95 =N\OT1/cmr/m/n/10.95 )$
 []


Underfull \hbox (badness 3557) in paragraph at lines 1018--1018
[]|\OT1/cmr/m/n/10.95 1D Wasser-stein
 []


Underfull \hbox (badness 10000) in paragraph at lines 1018--1020
[]|\OT1/cmr/m/n/10.95 Ch. 4 (nu-mer-i-cal
 []


Underfull \hbox (badness 10000) in paragraph at lines 1021--1021
[]|\OT1/cmr/m/n/10.95 Brownian mo-
 []


Underfull \hbox (badness 10000) in paragraph at lines 1025--1027
[]|\OT1/cmr/m/n/10.95 Ch. 3 (Step 4:
 []


Underfull \hbox (badness 10000) in paragraph at lines 1028--1029
[]|\OT1/cmr/m/n/10.95 Fokker--Planck
 []


Underfull \hbox (badness 10000) in paragraph at lines 1030--1030
[]|\OT1/cmr/m/n/10.95 SDE ex-is-
 []


Underfull \hbox (badness 10000) in paragraph at lines 1030--1030
\OT1/cmr/m/n/10.95 tence/u-nique-
 []


Underfull \hbox (badness 1168) in paragraph at lines 1033--1035
[]|\OT1/cmr/m/n/10.95 Ch. 3 (Lemma 3.2
 []


Underfull \hbox (badness 10000) in paragraph at lines 1036--1036
[]|\OT1/cmr/m/n/10.95 Fokker--Planck
 []


Underfull \hbox (badness 6204) in paragraph at lines 1036--1037
[]|$\OML/cmm/m/it/10.95 d\OMS/cmsy/m/n/10.95 h\OML/cmm/m/it/10.95 ^^V[]; ^^^\OM
S/cmsy/m/n/10.95 i \OT1/cmr/m/n/10.95 = \OMS/cmsy/m/n/10.95 h\OML/cmm/m/it/10.9
5 ^^V[]; \OMS/cmsy/m/n/10.95 L[]\OML/cmm/m/it/10.95 ^^^\OMS/cmsy/m/n/10.95 i\OM
L/cmm/m/it/10.95 dt \OT1/cmr/m/n/10.95 +
 []


Underfull \hbox (badness 10000) in paragraph at lines 1039--1039
[]|\OT1/cmr/m/n/10.95 Sobolev well-
 []


Underfull \hbox (badness 1968) in paragraph at lines 1044--1044
[]|\OT1/cmr/m/n/10.95 Doob's in-equal-
 []


Underfull \hbox (badness 10000) in paragraph at lines 1047--1049
[]|\OT1/cmr/m/n/10.95 Ch. 3 (mo-ment
 []


Underfull \hbox (badness 2158) in paragraph at lines 1050--1050
[]|\OT1/cmr/m/n/10.95 Martingale rep-
 []


Underfull \hbox (badness 6110) in paragraph at lines 1053--1054
[]|\OT1/cmr/m/n/10.95 Ch. 3 (al-ter-na-tive
 []


Underfull \hbox (badness 10000) in paragraph at lines 1057--1057
[]|\OT1/cmr/m/n/10.95 Dissipative $\OMS/cmsy/m/n/10.95 )$ \OT1/cmr/m/n/10.95 co
n-trac-tion
 []


Underfull \hbox (badness 10000) in paragraph at lines 1057--1059
[]|\OT1/cmr/m/n/10.95 Ch. 5/6 (spec-tral
 []


LaTeX Warning: Float too large for page by 106.67575pt on input line 1061.

) [35] [36]
Chapter 3.
(./chapters/03_quantitative_wellposedness.tex [37

] [38]

Package hyperref Warning: Token not allowed in a PDF string (Unicode):
(hyperref)                removing `math shift' on input line 194.


Package hyperref Warning: Token not allowed in a PDF string (Unicode):
(hyperref)                removing `\Phi' on input line 194.


Package hyperref Warning: Token not allowed in a PDF string (Unicode):
(hyperref)                removing `math shift' on input line 194.

[39]

Package hyperref Warning: Token not allowed in a PDF string (Unicode):
(hyperref)                removing `math shift' on input line 240.


Package hyperref Warning: Token not allowed in a PDF string (Unicode):
(hyperref)                removing `\Phi' on input line 240.


Package hyperref Warning: Token not allowed in a PDF string (Unicode):
(hyperref)                removing `math shift' on input line 240.

[40] [41]
Overfull \hbox (109.56438pt too wide) detected at line 370
[][][]\U/msb/m/n/12 E [] \OMS/cmsy/m/n/12 ^^T \OML/cmm/m/it/12 C[] \U/msb/m/n/1
2 E [] \OML/cmm/m/it/12 :
 []

[42] [43]

Package hyperref Warning: Token not allowed in a PDF string (Unicode):
(hyperref)                removing `math shift' on input line 475.


Package hyperref Warning: Token not allowed in a PDF string (Unicode):
(hyperref)                removing `\varepsilon' on input line 475.


Package hyperref Warning: Token not allowed in a PDF string (Unicode):
(hyperref)                removing `math shift' on input line 475.

[44]
Package hyperref Info: bookmark level for unknown lstlisting defaults to 0 on i
nput line 570.
 [45]) [46]
Chapter 4.
(./chapters/04_numerical_analysis.tex) [47

]
Chapter 5.
(./chapters/05_rl_convergence.tex) [48

]
Chapter 6.
(./chapters/06_hierarchical_rl_architecture.tex) [49

]
Chapter 7.
(./chapters/07_systemic_risk_bailouts.tex) [50

]
Chapter 8.
(./chapters/08_alpha_generation.tex) [51

]
Chapter 9.
(./chapters/09_empirical_validation_sp500.tex) [52

]
Chapter 10.
(./chapters/10_synthesis_outlook.tex) [53

]
Appendix A.
(./chapters/appendix_a_proofs.tex) [54

]
Appendix B.
(./chapters/appendix_b_lean4_verification.tex) [55

]
Appendix C.
(./chapters/appendix_c_additional_results.tex)
No file main.bbl.
[56

] (./main.aux)

LaTeX Warning: Label(s) may have changed. Rerun to get cross-references right.

Package rerunfilecheck Info: File `main.out' has not changed.
(rerunfilecheck)             Checksum: 591E077834BBA462929150CDE6B5924C;20940.
 ) 
Here is how much of TeX's memory you used:
 18009 strings out of 480171
 294485 string characters out of 5894489
 808846 words of memory out of 5000000
 35304 multiletter control sequences out of 15000+600000
 490122 words of font info for 104 fonts, out of 8000000 for 9000
 59 hyphenation exceptions out of 8191
 65i,13n,66p,453b,1896s stack positions out of 5000i,500n,10000p,200000b,80000s
 </home/nison/.texlive2021/texmf-var/fonts/pk/ljfour/jknappen/ec/tcrm1200.600
pk></usr/share/texlive/texmf-dist/fonts/type1/public/amsfonts/cm/cmbx10.pfb></u
sr/share/texlive/texmf-dist/fonts/type1/public/amsfonts/cm/cmbx12.pfb></usr/sha
re/texlive/texmf-dist/fonts/type1/public/amsfonts/cm/cmbxti10.pfb></usr/share/t
exlive/texmf-dist/fonts/type1/public/amsfonts/cm/cmex10.pfb></usr/share/texlive
/texmf-dist/fonts/type1/public/amsfonts/cm/cmitt10.pfb></usr/share/texlive/texm
f-dist/fonts/type1/public/amsfonts/cm/cmmi10.pfb></usr/share/texlive/texmf-dist
/fonts/type1/public/amsfonts/cm/cmmi12.pfb></usr/share/texlive/texmf-dist/fonts
/type1/public/amsfonts/cm/cmmi6.pfb></usr/share/texlive/texmf-dist/fonts/type1/
public/amsfonts/cm/cmmi8.pfb></usr/share/texlive/texmf-dist/fonts/type1/public/
amsfonts/cm/cmr10.pfb></usr/share/texlive/texmf-dist/fonts/type1/public/amsfont
s/cm/cmr12.pfb></usr/share/texlive/texmf-dist/fonts/type1/public/amsfonts/cm/cm
r17.pfb></usr/share/texlive/texmf-dist/fonts/type1/public/amsfonts/cm/cmr6.pfb>
</usr/share/texlive/texmf-dist/fonts/type1/public/amsfonts/cm/cmr8.pfb></usr/sh
are/texlive/texmf-dist/fonts/type1/public/amsfonts/cm/cmsy10.pfb></usr/share/te
xlive/texmf-dist/fonts/type1/public/amsfonts/cm/cmsy6.pfb></usr/share/texlive/t
exmf-dist/fonts/type1/public/amsfonts/cm/cmsy8.pfb></usr/share/texlive/texmf-di
st/fonts/type1/public/amsfonts/cm/cmti12.pfb></usr/share/texlive/texmf-dist/fon
ts/type1/public/amsfonts/cm/cmtt10.pfb></usr/share/texlive/texmf-dist/fonts/typ
e1/public/amsfonts/cm/cmtt12.pfb></usr/share/texlive/texmf-dist/fonts/type1/pub
lic/amsfonts/symbols/msbm10.pfb>
Output written on main.pdf (59 pages, 479452 bytes).
PDF statistics:
 1247 PDF objects out of 1440 (max. 8388607)
 1131 compressed objects within 12 object streams
 387 named destinations out of 1000 (max. 500000)
 785 words of extra memory for PDF output out of 10000 (max. 10000000)

